[0.004s] Invoking command in '/home/shankar-lab/colcon_ws/build/unitree_bringup': CMAKE_PREFIX_PATH=/opt/ros/humble CONDA_PROMPT_MODIFIER=(legged_control2) /usr/bin/cmake /home/shankar-lab/colcon_ws/src/unitree_bringup -DCMAKE_BUILD_TYPE=RelwithDebInfo -DAMENT_CMAKE_SYMLINK_INSTALL=1 -DCMAKE_INSTALL_PREFIX=/home/shankar-lab/colcon_ws/install/unitree_bringup
[0.014s] -- Found ament_cmake: 1.3.11 (/opt/ros/humble/share/ament_cmake/cmake)
[0.069s] -- Override CMake install command with custom implementation using symlinks instead of copying resources
[0.111s] -- Configuring done
[0.113s] -- Generating done
[0.113s] -- Build files have been written to: /home/shankar-lab/colcon_ws/build/unitree_bringup
[0.116s] Invoked command in '/home/shankar-lab/colcon_ws/build/unitree_bringup' returned '0': CMAKE_PREFIX_PATH=/opt/ros/humble CONDA_PROMPT_MODIFIER=(legged_control2) /usr/bin/cmake /home/shankar-lab/colcon_ws/src/unitree_bringup -DCMAKE_BUILD_TYPE=RelwithDebInfo -DAMENT_CMAKE_SYMLINK_INSTALL=1 -DCMAKE_INSTALL_PREFIX=/home/shankar-lab/colcon_ws/install/unitree_bringup
[0.116s] Invoking command in '/home/shankar-lab/colcon_ws/build/unitree_bringup': CMAKE_PREFIX_PATH=/opt/ros/humble CONDA_PROMPT_MODIFIER=(legged_control2) /usr/bin/cmake --build /home/shankar-lab/colcon_ws/build/unitree_bringup -- -j32 -l32
[0.138s] Invoked command in '/home/shankar-lab/colcon_ws/build/unitree_bringup' returned '0': CMAKE_PREFIX_PATH=/opt/ros/humble CONDA_PROMPT_MODIFIER=(legged_control2) /usr/bin/cmake --build /home/shankar-lab/colcon_ws/build/unitree_bringup -- -j32 -l32
[0.143s] Invoking command in '/home/shankar-lab/colcon_ws/build/unitree_bringup': CMAKE_PREFIX_PATH=/opt/ros/humble CONDA_PROMPT_MODIFIER=(legged_control2) /usr/bin/cmake --install /home/shankar-lab/colcon_ws/build/unitree_bringup
[0.147s] -- Install configuration: "RelwithDebInfo"
[0.147s] -- Execute custom install script
[0.147s] -- Symlinking: /home/shankar-lab/colcon_ws/install/unitree_bringup/share/unitree_bringup/config/g1/MID360_config.json
[0.151s] -- Symlinking: /home/shankar-lab/colcon_ws/install/unitree_bringup/share/unitree_bringup/config/g1/controllers.yaml
[0.155s] -- Symlinking: /home/shankar-lab/colcon_ws/install/unitree_bringup/share/unitree_bringup/config/g1/glim/config.json
[0.160s] -- Symlinking: /home/shankar-lab/colcon_ws/install/unitree_bringup/share/unitree_bringup/config/g1/glim/config_global_mapping_cpu.json
[0.163s] -- Symlinking: /home/shankar-lab/colcon_ws/install/unitree_bringup/share/unitree_bringup/config/g1/glim/config_odometry_cpu.json
[0.168s] -- Symlinking: /home/shankar-lab/colcon_ws/install/unitree_bringup/share/unitree_bringup/config/g1/glim/config_preprocess.json
[0.172s] -- Symlinking: /home/shankar-lab/colcon_ws/install/unitree_bringup/share/unitree_bringup/config/g1/glim/config_ros.json
[0.176s] -- Symlinking: /home/shankar-lab/colcon_ws/install/unitree_bringup/share/unitree_bringup/config/g1/glim/config_sensors.json
[0.180s] -- Symlinking: /home/shankar-lab/colcon_ws/install/unitree_bringup/share/unitree_bringup/config/g1/glim/config_sub_mapping_cpu.json
[0.184s] -- Symlinking: /home/shankar-lab/colcon_ws/install/unitree_bringup/share/unitree_bringup/config/g1/joy.yaml
[0.188s] -- Symlinking: /home/shankar-lab/colcon_ws/install/unitree_bringup/share/unitree_bringup/config/g1/policy.onnx
[0.192s] -- Symlinking: /home/shankar-lab/colcon_ws/install/unitree_bringup/share/unitree_bringup/config/go1/controllers.yaml
[0.196s] -- Symlinking: /home/shankar-lab/colcon_ws/install/unitree_bringup/share/unitree_bringup/config/go1/go1_getup.onnx
[0.201s] -- Symlinking: /home/shankar-lab/colcon_ws/install/unitree_bringup/share/unitree_bringup/config/go1/go1_handstand.onnx
[0.205s] -- Symlinking: /home/shankar-lab/colcon_ws/install/unitree_bringup/share/unitree_bringup/config/go1/go1_joystick.onnx
[0.210s] -- Symlinking: /home/shankar-lab/colcon_ws/install/unitree_bringup/share/unitree_bringup/config/go1/joy.yaml
[0.214s] -- Symlinking: /home/shankar-lab/colcon_ws/install/unitree_bringup/share/unitree_bringup/config/go2/controllers.yaml
[0.219s] -- Symlinking: /home/shankar-lab/colcon_ws/install/unitree_bringup/share/unitree_bringup/config/go2/policy.onnx
[0.222s] -- Symlinking: /home/shankar-lab/colcon_ws/install/unitree_bringup/share/unitree_bringup/launch/lio.launch.py
[0.227s] -- Symlinking: /home/shankar-lab/colcon_ws/install/unitree_bringup/share/unitree_bringup/launch/mujoco.launch.py
[0.230s] -- Symlinking: /home/shankar-lab/colcon_ws/install/unitree_bringup/share/unitree_bringup/launch/real.launch.py
[0.235s] -- Symlinking: /home/shankar-lab/colcon_ws/install/unitree_bringup/share/unitree_bringup/launch/teleop.launch.py
[0.238s] -- Symlinking: /home/shankar-lab/colcon_ws/install/unitree_bringup/share/ament_index/resource_index/package_run_dependencies/unitree_bringup
[0.242s] -- Symlinking: /home/shankar-lab/colcon_ws/install/unitree_bringup/share/ament_index/resource_index/parent_prefix_path/unitree_bringup
[0.246s] -- Symlinking: /home/shankar-lab/colcon_ws/install/unitree_bringup/share/unitree_bringup/environment/ament_prefix_path.sh
[0.251s] -- Symlinking: /home/shankar-lab/colcon_ws/install/unitree_bringup/share/unitree_bringup/environment/ament_prefix_path.dsv
[0.255s] -- Symlinking: /home/shankar-lab/colcon_ws/install/unitree_bringup/share/unitree_bringup/environment/path.sh
[0.260s] -- Symlinking: /home/shankar-lab/colcon_ws/install/unitree_bringup/share/unitree_bringup/environment/path.dsv
[0.265s] -- Symlinking: /home/shankar-lab/colcon_ws/install/unitree_bringup/share/unitree_bringup/local_setup.bash
[0.269s] -- Symlinking: /home/shankar-lab/colcon_ws/install/unitree_bringup/share/unitree_bringup/local_setup.sh
[0.272s] -- Symlinking: /home/shankar-lab/colcon_ws/install/unitree_bringup/share/unitree_bringup/local_setup.zsh
[0.276s] -- Symlinking: /home/shankar-lab/colcon_ws/install/unitree_bringup/share/unitree_bringup/local_setup.dsv
[0.279s] -- Symlinking: /home/shankar-lab/colcon_ws/install/unitree_bringup/share/unitree_bringup/package.dsv
[0.283s] -- Symlinking: /home/shankar-lab/colcon_ws/install/unitree_bringup/share/ament_index/resource_index/packages/unitree_bringup
[0.286s] -- Symlinking: /home/shankar-lab/colcon_ws/install/unitree_bringup/share/unitree_bringup/cmake/unitree_bringupConfig.cmake
[0.290s] -- Symlinking: /home/shankar-lab/colcon_ws/install/unitree_bringup/share/unitree_bringup/cmake/unitree_bringupConfig-version.cmake
[0.294s] -- Symlinking: /home/shankar-lab/colcon_ws/install/unitree_bringup/share/unitree_bringup/package.xml
[0.298s] Invoked command in '/home/shankar-lab/colcon_ws/build/unitree_bringup' returned '0': CMAKE_PREFIX_PATH=/opt/ros/humble CONDA_PROMPT_MODIFIER=(legged_control2) /usr/bin/cmake --install /home/shankar-lab/colcon_ws/build/unitree_bringup
