[0.005s] Invoking command in '/home/shankar-lab/colcon_ws/build/unitree_bringup': CMAKE_PREFIX_PATH=/opt/ros/humble CONDA_PROMPT_MODIFIER=(legged_control2) /usr/bin/cmake /home/shankar-lab/colcon_ws/src/unitree_bringup -DCMAKE_BUILD_TYPE=RelwithDebInfo -DAMENT_CMAKE_SYMLINK_INSTALL=1 -DCMAKE_INSTALL_PREFIX=/home/shankar-lab/colcon_ws/install/unitree_bringup
[0.039s] -- The C compiler identification is GNU 11.4.0
[0.067s] -- The CXX compiler identification is GNU 11.4.0
[0.071s] -- Detecting C compiler ABI info
[0.110s] -- Detecting C compiler ABI info - done
[0.115s] -- Check for working C compiler: /usr/bin/cc - skipped
[0.115s] -- Detecting C compile features
[0.116s] -- Detecting C compile features - done
[0.117s] -- Detecting CXX compiler ABI info
[0.158s] -- Detecting CXX compiler ABI info - done
[0.163s] -- Check for working CXX compiler: /usr/bin/c++ - skipped
[0.163s] -- Detecting CXX compile features
[0.164s] -- Detecting CXX compile features - done
[0.164s] -- Found ament_cmake: 1.3.11 (/opt/ros/humble/share/ament_cmake/cmake)
[0.323s] -- Found Python3: /home/shankar-lab/miniconda3/envs/legged_control2/bin/python3 (found version "3.10.18") found components: Interpreter 
[0.352s] -- Override CMake install command with custom implementation using symlinks instead of copying resources
[0.374s] Traceback (most recent call last):
[0.374s]   File "/opt/ros/humble/share/ament_cmake_core/cmake/core/package_xml_2_cmake.py", line 22, in <module>
[0.374s]     from catkin_pkg.package import parse_package_string
[0.374s] ModuleNotFoundError: No module named 'catkin_pkg'
[0.375s] [31mCMake Error at /opt/ros/humble/share/ament_cmake_core/cmake/core/ament_package_xml.cmake:95 (message):
[0.375s]   
[0.375s]   execute_process(/home/shankar-lab/miniconda3/envs/legged_control2/bin/python3
[0.375s]   /opt/ros/humble/share/ament_cmake_core/cmake/core/package_xml_2_cmake.py
[0.375s]   /home/shankar-lab/colcon_ws/src/unitree_bringup/package.xml
[0.375s]   /home/shankar-lab/colcon_ws/build/unitree_bringup/ament_cmake_core/package.cmake)
[0.375s]   returned error code 1
[0.375s] Call Stack (most recent call first):
[0.376s]   /opt/ros/humble/share/ament_cmake_core/cmake/core/ament_package_xml.cmake:49 (_ament_package_xml)
[0.376s]   /opt/ros/humble/share/ament_cmake_core/cmake/core/ament_package.cmake:63 (ament_package_xml)
[0.376s]   CMakeLists.txt:11 (ament_package)
[0.376s] 
[0.376s] [0m
[0.376s] -- Configuring incomplete, errors occurred!
[0.376s] See also "/home/shankar-lab/colcon_ws/build/unitree_bringup/CMakeFiles/CMakeOutput.log".
[0.378s] Invoked command in '/home/shankar-lab/colcon_ws/build/unitree_bringup' returned '1': CMAKE_PREFIX_PATH=/opt/ros/humble CONDA_PROMPT_MODIFIER=(legged_control2) /usr/bin/cmake /home/shankar-lab/colcon_ws/src/unitree_bringup -DCMAKE_BUILD_TYPE=RelwithDebInfo -DAMENT_CMAKE_SYMLINK_INSTALL=1 -DCMAKE_INSTALL_PREFIX=/home/shankar-lab/colcon_ws/install/unitree_bringup
